<?xml version="1.0" encoding="UTF-8"?>
<!-- Generated by org.testng.reporters.JUnitReportReporter -->
<testsuite hostname="TRNROOM10-29" name="com.qa.amazon.tests.VerifyKindleTest" tests="2" failures="0" timestamp="23 Sep 2019 13:41:38 GMT" time="18.654" errors="0">
  <testcase name="verifyKindleTest" time="14.037" classname="com.qa.amazon.tests.VerifyKindleTest"/>
  <testcase name="shopByCategoryclickTest" time="4.617" classname="com.qa.amazon.tests.VerifyKindleTest"/>
</testsuite> <!-- com.qa.amazon.tests.VerifyKindleTest -->
